d:\projects\it\attendancing monitoring\attendancing monitoring\x64\debug\attendance_x64.pch
d:\projects\it\attendancing monitoring\attendancing monitoring\x64\debug\vc143.pdb
d:\projects\it\attendancing monitoring\attendancing monitoring\x64\debug\pch.obj
d:\projects\it\attendancing monitoring\attendancing monitoring\x64\debug\form1.obj
d:\projects\it\attendancing monitoring\attendancing monitoring\x64\debug\cppclr_winformsproject.obj
d:\projects\it\attendancing monitoring\attendancing monitoring\x64\debug\assemblyinfo.obj
d:\projects\it\attendancing monitoring\attendancing monitoring\x64\debug\.netframework,version=v4.7.2.assemblyattributes.obj
d:\projects\it\attendancing monitoring\build\attendance_x64.exe
d:\projects\it\attendancing monitoring\attendancing monitoring\x64\debug\attendancing monitoring.vcxproj.assemblyreference.cache
d:\projects\it\attendancing monitoring\attendancing monitoring\x64\debug\attendancing monitoring.vcxproj.generateresource.cache
d:\projects\it\attendancing monitoring\attendancing monitoring\x64\debug\attendancing_monitoring.form1.resources
d:\projects\it\attendancing monitoring\attendancing monitoring\x64\debug\attendan.b645efe0.tlog\cl.command.1.tlog
d:\projects\it\attendancing monitoring\attendancing monitoring\x64\debug\attendan.b645efe0.tlog\cl.read.1.tlog
d:\projects\it\attendancing monitoring\attendancing monitoring\x64\debug\attendan.b645efe0.tlog\cl.write.1.tlog
d:\projects\it\attendancing monitoring\attendancing monitoring\x64\debug\attendan.b645efe0.tlog\metagen.read.1.tlog
d:\projects\it\attendancing monitoring\attendancing monitoring\x64\debug\attendan.b645efe0.tlog\metagen.write.1.tlog
d:\projects\it\attendancing monitoring\attendancing monitoring\x64\debug\attendan.b645efe0.tlog\rc.command.1.tlog
d:\projects\it\attendancing monitoring\attendancing monitoring\x64\debug\attendan.b645efe0.tlog\rc.read.1.tlog
d:\projects\it\attendancing monitoring\attendancing monitoring\x64\debug\attendan.b645efe0.tlog\rc.write.1.tlog
d:\projects\it\attendancing monitoring\attendancing monitoring\x64\debug\attendan.b645efe0.tlog\resgen.command.1.tlog
d:\projects\it\attendancing monitoring\attendancing monitoring\x64\debug\attendan.b645efe0.tlog\resgen.read.1.tlog
d:\projects\it\attendancing monitoring\attendancing monitoring\x64\debug\attendan.b645efe0.tlog\resgen.write.1.tlog
